0 info it worked if it ends with ok
1 verbose cli [ 'node', '/usr/local/bin/npm', 'install' ]
2 info using npm@1.4.28
3 info using node@v0.10.32
4 verbose readDependencies using package.json deps
5 verbose install where, deps [ '/Users/superkalo/Sites/front-end-starter-template',
5 verbose install   [ 'grunt',
5 verbose install     'grunt-autoprefixer',
5 verbose install     'grunt-contrib-copy',
5 verbose install     'grunt-contrib-imagemin',
5 verbose install     'grunt-contrib-sass',
5 verbose install     'grunt-contrib-uglify',
5 verbose install     'grunt-contrib-watch',
5 verbose install     'grunt-newer',
5 verbose install     'grunt-notify',
5 verbose install     'grunt-shell',
5 verbose install     'grunt-concurrent' ] ]
6 info preinstall front-end-starter-stemplate@1.0.1
7 verbose readDependencies using package.json deps
8 verbose cache add [ 'grunt-contrib-sass@^0.9.2', null ]
9 verbose cache add name=undefined spec="grunt-contrib-sass@^0.9.2" args=["grunt-contrib-sass@^0.9.2",null]
10 verbose parsed url { protocol: null,
10 verbose parsed url   slashes: null,
10 verbose parsed url   auth: null,
10 verbose parsed url   host: null,
10 verbose parsed url   port: null,
10 verbose parsed url   hostname: null,
10 verbose parsed url   hash: null,
10 verbose parsed url   search: null,
10 verbose parsed url   query: null,
10 verbose parsed url   pathname: 'grunt-contrib-sass@^0.9.2',
10 verbose parsed url   path: 'grunt-contrib-sass@^0.9.2',
10 verbose parsed url   href: 'grunt-contrib-sass@^0.9.2' }
11 verbose cache add [ 'grunt-contrib-uglify@~0.8.0', null ]
12 verbose cache add name=undefined spec="grunt-contrib-uglify@~0.8.0" args=["grunt-contrib-uglify@~0.8.0",null]
13 verbose parsed url { protocol: null,
13 verbose parsed url   slashes: null,
13 verbose parsed url   auth: null,
13 verbose parsed url   host: null,
13 verbose parsed url   port: null,
13 verbose parsed url   hostname: null,
13 verbose parsed url   hash: null,
13 verbose parsed url   search: null,
13 verbose parsed url   query: null,
13 verbose parsed url   pathname: 'grunt-contrib-uglify@~0.8.0',
13 verbose parsed url   path: 'grunt-contrib-uglify@~0.8.0',
13 verbose parsed url   href: 'grunt-contrib-uglify@~0.8.0' }
14 verbose already installed skipping grunt-contrib-watch@^0.6.1 /Users/superkalo/Sites/front-end-starter-template
15 verbose cache add name="grunt-contrib-sass" spec="^0.9.2" args=["grunt-contrib-sass","^0.9.2"]
16 verbose parsed url { protocol: null,
16 verbose parsed url   slashes: null,
16 verbose parsed url   auth: null,
16 verbose parsed url   host: null,
16 verbose parsed url   port: null,
16 verbose parsed url   hostname: null,
16 verbose parsed url   hash: null,
16 verbose parsed url   search: null,
16 verbose parsed url   query: null,
16 verbose parsed url   pathname: '^0.9.2',
16 verbose parsed url   path: '^0.9.2',
16 verbose parsed url   href: '^0.9.2' }
17 verbose addNamed [ 'grunt-contrib-sass', '^0.9.2' ]
18 verbose addNamed [ null, '>=0.9.2-0 <0.10.0-0' ]
19 verbose cache add name="grunt-contrib-uglify" spec="~0.8.0" args=["grunt-contrib-uglify","~0.8.0"]
20 verbose parsed url { protocol: null,
20 verbose parsed url   slashes: null,
20 verbose parsed url   auth: null,
20 verbose parsed url   host: null,
20 verbose parsed url   port: null,
20 verbose parsed url   hostname: null,
20 verbose parsed url   hash: null,
20 verbose parsed url   search: null,
20 verbose parsed url   query: null,
20 verbose parsed url   pathname: '~0.8.0',
20 verbose parsed url   path: '~0.8.0',
20 verbose parsed url   href: '~0.8.0' }
21 verbose addNamed [ 'grunt-contrib-uglify', '~0.8.0' ]
22 verbose addNamed [ null, '>=0.8.0-0 <0.9.0-0' ]
23 verbose already installed skipping grunt-newer@^1.1.0 /Users/superkalo/Sites/front-end-starter-template
24 silly lockFile 031128be-grunt-contrib-sass-0-9-2 grunt-contrib-sass@^0.9.2
25 verbose lock grunt-contrib-sass@^0.9.2 /Users/superkalo/.npm/031128be-grunt-contrib-sass-0-9-2.lock
26 silly lockFile 8389ff3e-grunt-contrib-uglify-0-8-0 grunt-contrib-uglify@~0.8.0
27 verbose lock grunt-contrib-uglify@~0.8.0 /Users/superkalo/.npm/8389ff3e-grunt-contrib-uglify-0-8-0.lock
28 verbose already installed skipping grunt-notify@^0.4.1 /Users/superkalo/Sites/front-end-starter-template
29 silly addNameRange { name: 'grunt-contrib-sass',
29 silly addNameRange   range: '>=0.9.2-0 <0.10.0-0',
29 silly addNameRange   hasData: false }
30 verbose already installed skipping grunt-shell@^1.1.1 /Users/superkalo/Sites/front-end-starter-template
31 verbose already installed skipping grunt-concurrent@^1.0.0 /Users/superkalo/Sites/front-end-starter-template
32 silly addNameRange { name: 'grunt-contrib-uglify',
32 silly addNameRange   range: '>=0.8.0-0 <0.9.0-0',
32 silly addNameRange   hasData: false }
33 verbose request where is /grunt-contrib-sass
34 verbose request registry https://registry.npmjs.org/
35 verbose request id 5277f812e501c454
36 verbose url raw /grunt-contrib-sass
37 verbose url resolving [ 'https://registry.npmjs.org/', './grunt-contrib-sass' ]
38 verbose url resolved https://registry.npmjs.org/grunt-contrib-sass
39 verbose request where is https://registry.npmjs.org/grunt-contrib-sass
40 info trying registry request attempt 1 at 13:57:40
41 verbose etag "3YKIGOW1M7W5OMWPKH8QCIJEP"
42 http GET https://registry.npmjs.org/grunt-contrib-sass
43 verbose already installed skipping grunt@~0.4.5 /Users/superkalo/Sites/front-end-starter-template
44 verbose already installed skipping grunt-autoprefixer@^2.2.0 /Users/superkalo/Sites/front-end-starter-template
45 verbose cache add [ 'grunt-contrib-copy@^0.8.0', null ]
46 verbose cache add name=undefined spec="grunt-contrib-copy@^0.8.0" args=["grunt-contrib-copy@^0.8.0",null]
47 verbose parsed url { protocol: null,
47 verbose parsed url   slashes: null,
47 verbose parsed url   auth: null,
47 verbose parsed url   host: null,
47 verbose parsed url   port: null,
47 verbose parsed url   hostname: null,
47 verbose parsed url   hash: null,
47 verbose parsed url   search: null,
47 verbose parsed url   query: null,
47 verbose parsed url   pathname: 'grunt-contrib-copy@^0.8.0',
47 verbose parsed url   path: 'grunt-contrib-copy@^0.8.0',
47 verbose parsed url   href: 'grunt-contrib-copy@^0.8.0' }
48 verbose already installed skipping grunt-contrib-imagemin@^0.9.3 /Users/superkalo/Sites/front-end-starter-template
49 verbose request where is /grunt-contrib-uglify
50 verbose request registry https://registry.npmjs.org/
51 verbose url raw /grunt-contrib-uglify
52 verbose url resolving [ 'https://registry.npmjs.org/', './grunt-contrib-uglify' ]
53 verbose url resolved https://registry.npmjs.org/grunt-contrib-uglify
54 verbose request where is https://registry.npmjs.org/grunt-contrib-uglify
55 info trying registry request attempt 1 at 13:57:40
56 verbose etag "9D8MYFRZGQM50SIWPV5PCNCTQ"
57 http GET https://registry.npmjs.org/grunt-contrib-uglify
58 verbose cache add name="grunt-contrib-copy" spec="^0.8.0" args=["grunt-contrib-copy","^0.8.0"]
59 verbose parsed url { protocol: null,
59 verbose parsed url   slashes: null,
59 verbose parsed url   auth: null,
59 verbose parsed url   host: null,
59 verbose parsed url   port: null,
59 verbose parsed url   hostname: null,
59 verbose parsed url   hash: null,
59 verbose parsed url   search: null,
59 verbose parsed url   query: null,
59 verbose parsed url   pathname: '^0.8.0',
59 verbose parsed url   path: '^0.8.0',
59 verbose parsed url   href: '^0.8.0' }
60 verbose addNamed [ 'grunt-contrib-copy', '^0.8.0' ]
61 verbose addNamed [ null, '>=0.8.0-0 <0.9.0-0' ]
62 silly lockFile a4361beb-grunt-contrib-copy-0-8-0 grunt-contrib-copy@^0.8.0
63 verbose lock grunt-contrib-copy@^0.8.0 /Users/superkalo/.npm/a4361beb-grunt-contrib-copy-0-8-0.lock
64 silly addNameRange { name: 'grunt-contrib-copy',
64 silly addNameRange   range: '>=0.8.0-0 <0.9.0-0',
64 silly addNameRange   hasData: false }
65 verbose request where is /grunt-contrib-copy
66 verbose request registry https://registry.npmjs.org/
67 verbose url raw /grunt-contrib-copy
68 verbose url resolving [ 'https://registry.npmjs.org/', './grunt-contrib-copy' ]
69 verbose url resolved https://registry.npmjs.org/grunt-contrib-copy
70 verbose request where is https://registry.npmjs.org/grunt-contrib-copy
71 info trying registry request attempt 1 at 13:57:40
72 verbose etag "9PDJJHXPU1YWRNBUV4C9WFZV7"
73 http GET https://registry.npmjs.org/grunt-contrib-copy
74 http 304 https://registry.npmjs.org/grunt-contrib-copy
75 silly registry.get cb [ 304,
75 silly registry.get   { date: 'Fri, 20 Feb 2015 11:57:40 GMT',
75 silly registry.get     server: 'Apache',
75 silly registry.get     via: '1.1 varnish',
75 silly registry.get     'last-modified': 'Fri, 20 Feb 2015 11:57:24 GMT',
75 silly registry.get     'cache-control': 'max-age=60',
75 silly registry.get     etag: '"9PDJJHXPU1YWRNBUV4C9WFZV7"',
75 silly registry.get     age: '41',
75 silly registry.get     'x-served-by': 'cache-fra1245-FRA',
75 silly registry.get     'x-cache': 'HIT',
75 silly registry.get     'x-cache-hits': '2',
75 silly registry.get     'x-timer': 'S1424433460.877188,VS0,VE0',
75 silly registry.get     vary: 'Accept',
75 silly registry.get     'content-length': '0',
75 silly registry.get     'keep-alive': 'timeout=10, max=50',
75 silly registry.get     connection: 'Keep-Alive' } ]
76 verbose etag https://registry.npmjs.org/grunt-contrib-copy from cache
77 silly addNameRange number 2 { name: 'grunt-contrib-copy',
77 silly addNameRange   range: '>=0.8.0-0 <0.9.0-0',
77 silly addNameRange   hasData: true }
78 silly addNameRange versions [ 'grunt-contrib-copy',
78 silly addNameRange   [ '0.2.0',
78 silly addNameRange     '0.2.1',
78 silly addNameRange     '0.2.2',
78 silly addNameRange     '0.2.3',
78 silly addNameRange     '0.2.4',
78 silly addNameRange     '0.3.0',
78 silly addNameRange     '0.3.1',
78 silly addNameRange     '0.3.2',
78 silly addNameRange     '0.4.0',
78 silly addNameRange     '0.4.1',
78 silly addNameRange     '0.5.0',
78 silly addNameRange     '0.6.0',
78 silly addNameRange     '0.7.0',
78 silly addNameRange     '0.8.0',
78 silly addNameRange     '0.4.0-rc7' ] ]
79 verbose addNamed [ 'grunt-contrib-copy', '0.8.0' ]
80 verbose addNamed [ '0.8.0', '0.8.0' ]
81 silly lockFile 4ba694f5-grunt-contrib-copy-0-8-0 grunt-contrib-copy@0.8.0
82 verbose lock grunt-contrib-copy@0.8.0 /Users/superkalo/.npm/4ba694f5-grunt-contrib-copy-0-8-0.lock
83 silly lockFile 1419f501-opy-grunt-contrib-copy-0-8-0-tgz https://registry.npmjs.org/grunt-contrib-copy/-/grunt-contrib-copy-0.8.0.tgz
84 verbose lock https://registry.npmjs.org/grunt-contrib-copy/-/grunt-contrib-copy-0.8.0.tgz /Users/superkalo/.npm/1419f501-opy-grunt-contrib-copy-0-8-0-tgz.lock
85 verbose addRemoteTarball [ 'https://registry.npmjs.org/grunt-contrib-copy/-/grunt-contrib-copy-0.8.0.tgz',
85 verbose addRemoteTarball   'ee3027e65e4f2ffb9525a903c19efd80a8f2479b' ]
86 info retry fetch attempt 1 at 13:57:41
87 verbose fetch to= /var/folders/p9/v9j60g0x04n7d532p9kflv000000gp/T/npm-44082-Bg3JlfiV/registry.npmjs.org/grunt-contrib-copy/-/grunt-contrib-copy-0.8.0.tgz
88 http GET https://registry.npmjs.org/grunt-contrib-copy/-/grunt-contrib-copy-0.8.0.tgz
89 http 304 https://registry.npmjs.org/grunt-contrib-sass
90 silly registry.get cb [ 304,
90 silly registry.get   { date: 'Fri, 20 Feb 2015 11:57:40 GMT',
90 silly registry.get     server: 'Apache',
90 silly registry.get     via: '1.1 varnish',
90 silly registry.get     'last-modified': 'Fri, 20 Feb 2015 11:57:40 GMT',
90 silly registry.get     'cache-control': 'max-age=60',
90 silly registry.get     etag: '"3YKIGOW1M7W5OMWPKH8QCIJEP"',
90 silly registry.get     age: '41',
90 silly registry.get     'x-served-by': 'cache-fra1221-FRA',
90 silly registry.get     'x-cache': 'HIT',
90 silly registry.get     'x-cache-hits': '1',
90 silly registry.get     'x-timer': 'S1424433460.894377,VS0,VE0',
90 silly registry.get     vary: 'Accept',
90 silly registry.get     'content-length': '0',
90 silly registry.get     'keep-alive': 'timeout=10, max=50',
90 silly registry.get     connection: 'Keep-Alive' } ]
91 verbose etag https://registry.npmjs.org/grunt-contrib-sass from cache
92 silly addNameRange number 2 { name: 'grunt-contrib-sass',
92 silly addNameRange   range: '>=0.9.2-0 <0.10.0-0',
92 silly addNameRange   hasData: true }
93 silly addNameRange versions [ 'grunt-contrib-sass',
93 silly addNameRange   [ '0.1.0',
93 silly addNameRange     '0.1.1',
93 silly addNameRange     '0.1.2',
93 silly addNameRange     '0.1.3',
93 silly addNameRange     '0.2.0',
93 silly addNameRange     '0.2.1',
93 silly addNameRange     '0.2.2',
93 silly addNameRange     '0.3.0',
93 silly addNameRange     '0.4.0',
93 silly addNameRange     '0.4.1',
93 silly addNameRange     '0.5.0',
93 silly addNameRange     '0.5.1',
93 silly addNameRange     '0.6.0',
93 silly addNameRange     '0.2.2-rc7',
93 silly addNameRange     '0.7.0',
93 silly addNameRange     '0.7.1',
93 silly addNameRange     '0.7.2',
93 silly addNameRange     '0.7.3',
93 silly addNameRange     '0.7.4',
93 silly addNameRange     '0.8.0',
93 silly addNameRange     '0.8.1',
93 silly addNameRange     '0.9.0',
93 silly addNameRange     '0.9.1',
93 silly addNameRange     '0.9.2' ] ]
94 verbose addNamed [ 'grunt-contrib-sass', '0.9.2' ]
95 verbose addNamed [ '0.9.2', '0.9.2' ]
96 silly lockFile caee62b2-grunt-contrib-sass-0-9-2 grunt-contrib-sass@0.9.2
97 verbose lock grunt-contrib-sass@0.9.2 /Users/superkalo/.npm/caee62b2-grunt-contrib-sass-0-9-2.lock
98 silly lockFile 103217e2-ass-grunt-contrib-sass-0-9-2-tgz https://registry.npmjs.org/grunt-contrib-sass/-/grunt-contrib-sass-0.9.2.tgz
99 verbose lock https://registry.npmjs.org/grunt-contrib-sass/-/grunt-contrib-sass-0.9.2.tgz /Users/superkalo/.npm/103217e2-ass-grunt-contrib-sass-0-9-2-tgz.lock
100 verbose addRemoteTarball [ 'https://registry.npmjs.org/grunt-contrib-sass/-/grunt-contrib-sass-0.9.2.tgz',
100 verbose addRemoteTarball   '749f0e78284e91452c5a57fe044dde34489513c6' ]
101 info retry fetch attempt 1 at 13:57:41
102 verbose fetch to= /var/folders/p9/v9j60g0x04n7d532p9kflv000000gp/T/npm-44082-Bg3JlfiV/registry.npmjs.org/grunt-contrib-sass/-/grunt-contrib-sass-0.9.2.tgz
103 http GET https://registry.npmjs.org/grunt-contrib-sass/-/grunt-contrib-sass-0.9.2.tgz
104 http 304 https://registry.npmjs.org/grunt-contrib-uglify
105 silly registry.get cb [ 304,
105 silly registry.get   { date: 'Fri, 20 Feb 2015 11:57:40 GMT',
105 silly registry.get     server: 'Apache',
105 silly registry.get     via: '1.1 varnish',
105 silly registry.get     'last-modified': 'Fri, 20 Feb 2015 11:57:40 GMT',
105 silly registry.get     'cache-control': 'max-age=60',
105 silly registry.get     etag: '"9D8MYFRZGQM50SIWPV5PCNCTQ"',
105 silly registry.get     age: '41',
105 silly registry.get     'x-served-by': 'cache-fra1225-FRA',
105 silly registry.get     'x-cache': 'HIT',
105 silly registry.get     'x-cache-hits': '1',
105 silly registry.get     'x-timer': 'S1424433460.917218,VS0,VE0',
105 silly registry.get     vary: 'Accept',
105 silly registry.get     'content-length': '0',
105 silly registry.get     'keep-alive': 'timeout=10, max=50',
105 silly registry.get     connection: 'Keep-Alive' } ]
106 verbose etag https://registry.npmjs.org/grunt-contrib-uglify from cache
107 silly addNameRange number 2 { name: 'grunt-contrib-uglify',
107 silly addNameRange   range: '>=0.8.0-0 <0.9.0-0',
107 silly addNameRange   hasData: true }
108 silly addNameRange versions [ 'grunt-contrib-uglify',
108 silly addNameRange   [ '0.1.0',
108 silly addNameRange     '0.1.1',
108 silly addNameRange     '0.1.2',
108 silly addNameRange     '0.2.0',
108 silly addNameRange     '0.2.1',
108 silly addNameRange     '0.2.2',
108 silly addNameRange     '0.2.3',
108 silly addNameRange     '0.2.4',
108 silly addNameRange     '0.2.5',
108 silly addNameRange     '0.2.6',
108 silly addNameRange     '0.2.7',
108 silly addNameRange     '0.3.0',
108 silly addNameRange     '0.3.1',
108 silly addNameRange     '0.1.1-rc5',
108 silly addNameRange     '0.1.1-rc6',
108 silly addNameRange     '0.3.2',
108 silly addNameRange     '0.3.3',
108 silly addNameRange     '0.4.0',
108 silly addNameRange     '0.5.0',
108 silly addNameRange     '0.4.1',
108 silly addNameRange     '0.5.1',
108 silly addNameRange     '0.6.0',
108 silly addNameRange     '0.7.0',
108 silly addNameRange     '0.8.0' ] ]
109 verbose addNamed [ 'grunt-contrib-uglify', '0.8.0' ]
110 verbose addNamed [ '0.8.0', '0.8.0' ]
111 silly lockFile 54aac03d-grunt-contrib-uglify-0-8-0 grunt-contrib-uglify@0.8.0
112 verbose lock grunt-contrib-uglify@0.8.0 /Users/superkalo/.npm/54aac03d-grunt-contrib-uglify-0-8-0.lock
113 silly lockFile f5269920-y-grunt-contrib-uglify-0-8-0-tgz https://registry.npmjs.org/grunt-contrib-uglify/-/grunt-contrib-uglify-0.8.0.tgz
114 verbose lock https://registry.npmjs.org/grunt-contrib-uglify/-/grunt-contrib-uglify-0.8.0.tgz /Users/superkalo/.npm/f5269920-y-grunt-contrib-uglify-0-8-0-tgz.lock
115 verbose addRemoteTarball [ 'https://registry.npmjs.org/grunt-contrib-uglify/-/grunt-contrib-uglify-0.8.0.tgz',
115 verbose addRemoteTarball   '6897a450fab8563c9885e388bd705a5ff2c3937e' ]
116 info retry fetch attempt 1 at 13:57:41
117 verbose fetch to= /var/folders/p9/v9j60g0x04n7d532p9kflv000000gp/T/npm-44082-Bg3JlfiV/registry.npmjs.org/grunt-contrib-uglify/-/grunt-contrib-uglify-0.8.0.tgz
118 http GET https://registry.npmjs.org/grunt-contrib-uglify/-/grunt-contrib-uglify-0.8.0.tgz
119 http 200 https://registry.npmjs.org/grunt-contrib-sass/-/grunt-contrib-sass-0.9.2.tgz
120 http 200 https://registry.npmjs.org/grunt-contrib-uglify/-/grunt-contrib-uglify-0.8.0.tgz
121 http 200 https://registry.npmjs.org/grunt-contrib-copy/-/grunt-contrib-copy-0.8.0.tgz
122 silly lockFile f5269920-y-grunt-contrib-uglify-0-8-0-tgz https://registry.npmjs.org/grunt-contrib-uglify/-/grunt-contrib-uglify-0.8.0.tgz
123 silly lockFile f5269920-y-grunt-contrib-uglify-0-8-0-tgz https://registry.npmjs.org/grunt-contrib-uglify/-/grunt-contrib-uglify-0.8.0.tgz
124 silly lockFile 54aac03d-grunt-contrib-uglify-0-8-0 grunt-contrib-uglify@0.8.0
125 silly lockFile 54aac03d-grunt-contrib-uglify-0-8-0 grunt-contrib-uglify@0.8.0
126 silly lockFile 8389ff3e-grunt-contrib-uglify-0-8-0 grunt-contrib-uglify@~0.8.0
127 silly lockFile 8389ff3e-grunt-contrib-uglify-0-8-0 grunt-contrib-uglify@~0.8.0
128 silly lockFile 103217e2-ass-grunt-contrib-sass-0-9-2-tgz https://registry.npmjs.org/grunt-contrib-sass/-/grunt-contrib-sass-0.9.2.tgz
129 silly lockFile 103217e2-ass-grunt-contrib-sass-0-9-2-tgz https://registry.npmjs.org/grunt-contrib-sass/-/grunt-contrib-sass-0.9.2.tgz
130 silly lockFile caee62b2-grunt-contrib-sass-0-9-2 grunt-contrib-sass@0.9.2
131 silly lockFile caee62b2-grunt-contrib-sass-0-9-2 grunt-contrib-sass@0.9.2
132 silly lockFile 031128be-grunt-contrib-sass-0-9-2 grunt-contrib-sass@^0.9.2
133 silly lockFile 031128be-grunt-contrib-sass-0-9-2 grunt-contrib-sass@^0.9.2
134 silly lockFile 1419f501-opy-grunt-contrib-copy-0-8-0-tgz https://registry.npmjs.org/grunt-contrib-copy/-/grunt-contrib-copy-0.8.0.tgz
135 silly lockFile 1419f501-opy-grunt-contrib-copy-0-8-0-tgz https://registry.npmjs.org/grunt-contrib-copy/-/grunt-contrib-copy-0.8.0.tgz
136 silly lockFile 4ba694f5-grunt-contrib-copy-0-8-0 grunt-contrib-copy@0.8.0
137 silly lockFile 4ba694f5-grunt-contrib-copy-0-8-0 grunt-contrib-copy@0.8.0
138 silly lockFile a4361beb-grunt-contrib-copy-0-8-0 grunt-contrib-copy@^0.8.0
139 silly lockFile a4361beb-grunt-contrib-copy-0-8-0 grunt-contrib-copy@^0.8.0
140 error Error: EACCES, mkdir '/Users/superkalo/.npm/grunt-contrib-uglify/0.8.0'
140 error  { [Error: EACCES, mkdir '/Users/superkalo/.npm/grunt-contrib-uglify/0.8.0']
140 error   errno: 3,
140 error   code: 'EACCES',
140 error   path: '/Users/superkalo/.npm/grunt-contrib-uglify/0.8.0',
140 error   parent: 'front-end-starter-stemplate' }
141 error Please try running this command again as root/Administrator.
142 error System Darwin 14.1.0
143 error command "node" "/usr/local/bin/npm" "install"
144 error cwd /Users/superkalo/Sites/front-end-starter-template
145 error node -v v0.10.32
146 error npm -v 1.4.28
147 error path /Users/superkalo/.npm/grunt-contrib-uglify/0.8.0
148 error code EACCES
149 error errno 3
150 error stack Error: EACCES, mkdir '/Users/superkalo/.npm/grunt-contrib-uglify/0.8.0'
151 verbose exit [ 3, true ]
